TN:
SF:src\db.js
FN:4,connectDB
FNF:1
FNH:0
FNDA:0,connectDB
DA:5,0
DA:6,0
DA:7,0
DA:9,0
DA:10,0
LF:5
LH:0
BRDA:5,0,0,0
BRDA:5,0,1,0
BRF:2
BRH:0
end_of_record
TN:
SF:src\middleware\auth.js
FN:4,requireAuth
FN:18,requireAdmin
FNF:2
FNH:2
FNDA:28,requireAuth
FNDA:10,requireAdmin
DA:5,28
DA:6,28
DA:7,28
DA:9,27
DA:10,27
DA:11,27
DA:12,27
DA:14,0
DA:19,10
DA:20,9
LF:10
LH:9
BRDA:5,0,0,28
BRDA:5,0,1,1
BRDA:6,1,0,27
BRDA:6,1,1,1
BRDA:7,2,0,1
BRDA:7,2,1,27
BRDA:19,3,0,1
BRDA:19,3,1,9
BRF:8
BRH:8
end_of_record
TN:
SF:src\models\ParkingSpot.js
FNF:0
FNH:0
DA:3,6
DA:8,6
LF:2
LH:2
BRF:0
BRH:0
end_of_record
TN:
SF:src\models\Reservation.js
FNF:0
FNH:0
DA:3,6
DA:17,6
DA:18,6
LF:3
LH:3
BRF:0
BRH:0
end_of_record
TN:
SF:src\models\User.js
FN:14,(anonymous_0)
FN:19,(anonymous_1)
FNF:2
FNH:2
FNDA:21,(anonymous_0)
FNDA:1,(anonymous_1)
DA:4,6
DA:14,6
DA:15,21
DA:16,21
DA:19,6
DA:20,1
LF:6
LH:6
BRF:0
BRH:0
end_of_record
TN:
SF:src\routes\auth.js
FN:8,signToken
FN:14,(anonymous_1)
FN:35,(anonymous_2)
FNF:3
FNH:3
FNDA:4,signToken
FNDA:4,(anonymous_1)
FNDA:2,(anonymous_2)
DA:6,6
DA:9,4
DA:10,4
DA:14,6
DA:15,4
DA:16,4
DA:17,4
DA:19,4
DA:20,4
DA:22,3
DA:23,3
DA:24,3
DA:26,3
DA:27,3
DA:29,0
DA:30,0
DA:35,6
DA:36,2
DA:37,2
DA:38,2
DA:39,2
DA:40,1
DA:41,1
DA:43,1
DA:44,1
DA:46,0
DA:47,0
LF:27
LH:23
BRDA:9,0,0,4
BRDA:9,0,1,0
BRDA:16,1,0,0
BRDA:17,2,0,0
BRDA:17,2,1,4
BRDA:17,3,0,4
BRDA:17,3,1,4
BRDA:20,4,0,1
BRDA:20,4,1,3
BRDA:22,5,0,0
BRDA:22,5,1,3
BRDA:39,6,0,1
BRDA:39,6,1,1
BRDA:41,7,0,0
BRDA:41,7,1,1
BRF:15
BRH:10
end_of_record
TN:
SF:src\routes\reservations.js
FN:9,(anonymous_0)
FN:33,(anonymous_1)
FN:38,(anonymous_2)
FN:43,(anonymous_3)
FN:66,(anonymous_4)
FN:79,(anonymous_5)
FNF:6
FNH:5
FNDA:5,(anonymous_0)
FNDA:1,(anonymous_1)
FNDA:0,(anonymous_2)
FNDA:5,(anonymous_3)
FNDA:1,(anonymous_4)
FNDA:2,(anonymous_5)
DA:6,6
DA:9,6
DA:10,5
DA:11,5
DA:12,5
DA:13,0
DA:16,5
DA:17,5
DA:18,5
DA:20,5
DA:21,5
DA:22,5
DA:23,0
DA:26,5
DA:33,5
DA:36,5
DA:37,5
DA:38,0
DA:39,0
DA:40,0
DA:43,5
DA:44,5
DA:46,5
DA:49,4
DA:58,4
DA:60,0
DA:61,0
DA:66,6
DA:67,1
DA:68,1
DA:71,1
DA:73,0
DA:74,0
DA:79,6
DA:80,2
DA:81,2
DA:82,2
DA:83,2
DA:84,2
DA:85,2
DA:86,2
DA:87,2
DA:89,0
DA:90,0
LF:44
LH:33
BRDA:11,0,0,0
BRDA:12,1,0,0
BRDA:12,1,1,5
BRDA:12,2,0,5
BRDA:12,2,1,5
BRDA:12,2,2,5
BRDA:18,3,0,0
BRDA:18,3,1,5
BRDA:21,4,0,0
BRDA:21,4,1,5
BRDA:21,5,0,5
BRDA:21,5,1,5
BRDA:22,6,0,0
BRDA:22,6,1,5
BRDA:37,7,0,0
BRDA:37,7,1,5
BRDA:39,8,0,0
BRDA:39,8,1,0
BRDA:44,9,0,0
BRDA:44,9,1,5
BRDA:46,10,0,1
BRDA:46,10,1,4
BRDA:83,11,0,0
BRDA:83,11,1,2
BRDA:84,12,0,0
BRDA:84,12,1,2
BRF:26
BRH:15
end_of_record
TN:
SF:src\routes\spots.js
FN:9,(anonymous_0)
FN:25,(anonymous_1)
FN:31,(anonymous_2)
FN:51,(anonymous_3)
FN:57,(anonymous_4)
FN:80,(anonymous_5)
FN:98,(anonymous_6)
FN:104,(anonymous_7)
FN:106,(anonymous_8)
FN:113,(anonymous_9)
FNF:10
FNH:10
FNDA:8,(anonymous_0)
FNDA:10,(anonymous_1)
FNDA:24,(anonymous_2)
FNDA:3,(anonymous_3)
FNDA:1,(anonymous_4)
FNDA:3,(anonymous_5)
FNDA:1,(anonymous_6)
FNDA:3,(anonymous_7)
FNDA:8,(anonymous_8)
FNDA:8,(anonymous_9)
DA:6,6
DA:9,6
DA:10,8
DA:19,8
DA:21,8
DA:23,8
DA:24,8
DA:25,10
DA:26,8
DA:28,8
DA:29,8
DA:30,8
DA:31,24
DA:34,8
DA:43,8
DA:45,0
DA:46,0
DA:51,6
DA:52,3
DA:53,3
DA:57,6
DA:58,1
DA:59,1
DA:60,1
DA:61,1
DA:64,1
DA:69,1
DA:71,1
DA:72,1
DA:74,0
DA:75,0
DA:80,6
DA:81,3
DA:82,3
DA:83,3
DA:85,3
DA:86,3
DA:87,3
DA:89,3
DA:91,3
DA:97,3
DA:98,3
DA:99,1
DA:100,1
DA:101,1
DA:104,3
DA:105,3
DA:106,8
DA:107,3
DA:113,8
DA:122,3
DA:124,0
DA:125,0
LF:53
LH:47
BRDA:14,0,0,0
BRDA:15,1,0,0
BRDA:16,2,0,8
BRDA:17,3,0,0
BRDA:18,4,0,8
BRDA:21,5,0,0
BRDA:21,5,1,8
BRDA:21,6,0,8
BRDA:21,6,1,8
BRDA:23,7,0,8
BRDA:23,7,1,0
BRDA:26,8,0,8
BRDA:26,8,1,0
BRDA:29,9,0,8
BRDA:29,9,1,0
BRDA:30,10,0,8
BRDA:30,10,1,0
BRDA:61,11,0,0
BRDA:61,11,1,1
BRDA:69,12,0,0
BRDA:69,12,1,1
BRDA:82,13,0,0
BRDA:83,14,0,0
BRDA:83,14,1,3
BRDA:83,15,0,3
BRDA:83,15,1,3
BRDA:87,16,0,0
BRDA:87,16,1,3
BRDA:100,17,0,1
BRDA:100,17,1,0
BRDA:105,18,0,1
BRDA:105,18,1,2
BRDA:115,19,0,1
BRDA:115,19,1,7
BRF:34
BRH:20
end_of_record
TN:
SF:src\routes\stats.js
FN:14,buildStatsPayload
FN:36,(anonymous_1)
FN:69,(anonymous_2)
FN:80,(anonymous_3)
FN:95,push
FN:108,(anonymous_5)
FNF:6
FNH:3
FNDA:3,buildStatsPayload
FNDA:3,(anonymous_1)
FNDA:3,(anonymous_2)
FNDA:0,(anonymous_3)
FNDA:0,push
FNDA:0,(anonymous_5)
DA:9,6
DA:15,3
DA:18,3
DA:25,3
DA:26,3
DA:27,1
DA:28,1
DA:29,1
DA:33,3
DA:36,3
DA:37,3
DA:38,3
DA:39,3
DA:40,3
DA:41,3
DA:43,3
DA:55,3
DA:60,3
DA:69,6
DA:70,3
DA:71,3
DA:72,3
DA:74,0
DA:75,0
DA:80,6
DA:81,0
DA:82,0
DA:83,0
DA:86,0
DA:88,0
DA:89,0
DA:90,0
DA:91,0
DA:93,0
DA:96,0
DA:97,0
DA:98,0
DA:99,0
DA:101,0
DA:105,0
DA:106,0
DA:108,0
DA:109,0
DA:110,0
DA:111,0
DA:114,0
DA:115,0
LF:47
LH:23
BRDA:28,0,0,1
BRDA:28,0,1,0
BRDA:37,1,0,1
BRDA:37,1,1,2
BRDA:83,2,0,0
BRDA:83,2,1,0
BRDA:96,3,0,0
BRDA:96,3,1,0
BRF:8
BRH:3
end_of_record
TN:
SF:src\routes\users.js
FN:8,(anonymous_0)
FN:14,(anonymous_1)
FNF:2
FNH:0
FNDA:0,(anonymous_0)
FNDA:0,(anonymous_1)
DA:5,6
DA:8,6
DA:9,0
DA:10,0
DA:14,6
DA:15,0
DA:16,0
DA:17,0
DA:18,0
DA:19,0
LF:10
LH:3
BRDA:17,0,0,0
BRDA:17,0,1,0
BRF:2
BRH:0
end_of_record
